Cloning 17 URLs

[1/17] OK  shop-try-forge__listicle-eyebags  <-  https://shop.try-forge.com/listicle-eyebags
[2/17] OK  getaeki__pages-listiclek  <-  https://getaeki.com/pages/listiclek
[3/17] OK  dogfriendlyco__pages-no-pull-bundle-listicle-v1  <-  https://www.dogfriendlyco.com/pages/no-pull-bundle-listicle-v1?shpxid=93f13297-7162-411b-be67-cf9523548d24
[4/17] OK  dogfriendlyco__pages-bed-listicle-senior-dog-pain  <-  https://www.dogfriendlyco.com/pages/bed-listicle-senior-dog-pain
[5/17] OK  tryrevivehealth__pages-listicle-page-jan-21-11-50-18  <-  https://tryrevivehealth.com/pages/listicle-page-jan-21-11-50-18?_ab=0&key=1775246841969
[6/17] OK  k9clean__pages-k9clean-presell-listicle  <-  https://k9clean.shop/pages/k9clean-presell-listicle
[7/17] TIMEOUT  downtoground__pages-article-listicle  <-  https://downtoground.co/pages/article-listicle
[8/17] OK  shop-puppypad__listicle  <-  https://shop.puppypad.co/listicle
[9/17] OK  mantasleep__pages-listicle-tenoff-sound  <-  https://mantasleep.com/pages/listicle-tenoff-sound
[10/17] OK  bloomly-store__pages-listicleshaver  <-  https://bloomly.store/pages/listicleshaver
[11/17] OK  getaeki__pages-listicle2  <-  https://getaeki.com/pages/listicle2
[12/17] OK  getaeki__pages-listicle4  <-  https://getaeki.com/pages/listicle4
[13/17] OK  try-purriq__7-reasons-listicle-v2  <-  https://try.purriq.com/7-reasons-listicle-v2
[14/17] OK  h-livesans__lp-water-listicle  <-  https://h.livesans.com/lp/water-listicle
[15/17] OK  veloma-store__pages-listicle_1_ww  <-  https://veloma.store/pages/listicle_1_ww
[16/17] OK  themelaninreport__3-mistakes-listicle  <-  https://themelaninreport.org/3-mistakes-listicle
[17/17] OK  kittyspout__pages-6reasonslisticle-2-2l-compare  <-  https://www.kittyspout.com/pages/6reasonslisticle-2-2l-compare

--- Incremental clone of 8 new URLs ---
[1/8] OK  earthlinenaturals__pages-listicle  <-  https://earthlinenaturals.com/pages/listicle
[2/8] OK  biovitic__pages-listicle  <-  https://biovitic.com/pages/listicle
[3/8] OK  soovera__pages-listicle-in-1  <-  https://soovera.com/pages/listicle-in-1
[4/8] OK  yolibrand__pages-listicle-3-yoli  <-  https://yolibrand.com/pages/listicle-3-yoli
[5/8] OK  tryeloura__pages-listicle-5r  <-  https://tryeloura.com/pages/listicle-5r
[6/8] OK  shop-everdries__pages-8-reasons-nighttime-leaks  <-  https://shop.everdries.com/pages/8-reasons-nighttime-leaks
[7/8] OK  anacondaperformance__pages-knee-recovery-listicle6  <-  https://anacondaperformance.com/pages/knee-recovery-listicle6
[8/8] OK  homereachlifestyle__pages-tl360-new-listicle-shortform-women  <-  https://homereachlifestyle.com/pages/tl360-new-listicle-shortform-women

--- Incremental clone of 1 new URLs ---
[1/1] OK  gruns__pages-first-order-gut-health  <-  https://gruns.co/pages/first-order-gut-health

--- Incremental clone of 1 new URLs ---
[1/1] OK  thebbco__pages-ps-radiancy-listicle-dryness-sns-v9  <-  https://thebbco.com/pages/ps-radiancy-listicle-dryness-sns-v9#problem

--- Incremental clone of 1 new URLs ---
[1/1] OK  healthandwellness-manus-space__home  <-  https://healthandwellness.manus.space/
